[0.041s] Invoking command in '/home/hac/ros2_ws/src/808x-final-project/build/808x-final-project': CMAKE_PREFIX_PATH=${CMAKE_PREFIX_PATH}:/home/hac/ros2_ws/install/turtlebot3_teleop:/opt/ros/humble /usr/bin/cmake /home/hac/ros2_ws/src/808x-final-project -DCMAKE_INSTALL_PREFIX=/home/hac/ros2_ws/src/808x-final-project/install/808x-final-project
[0.130s] -- The C compiler identification is GNU 11.4.0
[0.241s] -- The CXX compiler identification is GNU 11.4.0
[0.256s] -- Detecting C compiler ABI info
[0.360s] -- Detecting C compiler ABI info - done
[0.365s] -- Check for working C compiler: /usr/bin/cc - skipped
[0.365s] -- Detecting C compile features
[0.365s] -- Detecting C compile features - done
[0.367s] -- Detecting CXX compiler ABI info
[0.479s] -- Detecting CXX compiler ABI info - done
[0.493s] -- Check for working CXX compiler: /usr/bin/c++ - skipped
[0.493s] -- Detecting CXX compile features
[0.494s] -- Detecting CXX compile features - done
[0.503s] -- Found ament_cmake: 1.3.5 (/opt/ros/humble/share/ament_cmake/cmake)
[0.819s] -- Found Python3: /usr/bin/python3.10 (found version "3.10.12") found components: Interpreter 
[0.936s] -- Found rclcpp: 16.0.6 (/opt/ros/humble/share/rclcpp/cmake)
[0.980s] -- Found rosidl_generator_c: 3.1.5 (/opt/ros/humble/share/rosidl_generator_c/cmake)
[0.984s] -- Found rosidl_adapter: 3.1.5 (/opt/ros/humble/share/rosidl_adapter/cmake)
[0.990s] -- Found rosidl_generator_cpp: 3.1.5 (/opt/ros/humble/share/rosidl_generator_cpp/cmake)
[0.999s] -- Using all available rosidl_typesupport_c: rosidl_typesupport_fastrtps_c;rosidl_typesupport_introspection_c
[1.013s] -- Using all available rosidl_typesupport_cpp: rosidl_typesupport_fastrtps_cpp;rosidl_typesupport_introspection_cpp
[1.061s] -- Found rmw_implementation_cmake: 6.1.1 (/opt/ros/humble/share/rmw_implementation_cmake/cmake)
[1.063s] -- Found rmw_fastrtps_cpp: 6.2.4 (/opt/ros/humble/share/rmw_fastrtps_cpp/cmake)
[1.128s] -- Found OpenSSL: /usr/lib/x86_64-linux-gnu/libcrypto.so (found version "3.0.2")  
[1.171s] -- Found FastRTPS: /opt/ros/humble/include  
[1.212s] -- Using RMW implementation 'rmw_fastrtps_cpp' as default
[1.220s] -- Looking for pthread.h
[1.310s] -- Looking for pthread.h - found
[1.311s] -- Performing Test CMAKE_HAVE_LIBC_PTHREAD
[1.450s] -- Performing Test CMAKE_HAVE_LIBC_PTHREAD - Success
[1.453s] -- Found Threads: TRUE  
[1.602s] -- Found geometry_msgs: 4.2.3 (/opt/ros/humble/share/geometry_msgs/cmake)
[1.630s] -- Found cv_bridge: 3.2.1 (/opt/ros/humble/share/cv_bridge/cmake)
[1.692s] -- Found image_transport: 3.1.7 (/opt/ros/humble/share/image_transport/cmake)
[1.727s] -- Found tf2: 0.25.4 (/opt/ros/humble/share/tf2/cmake)
[1.732s] -- Found tf2_ros: 0.25.4 (/opt/ros/humble/share/tf2_ros/cmake)
[1.940s] -- Found OpenCV: /usr/local (found version "4.8.0") 
[1.941s] -- Found gazebo_ros: 3.7.0 (/opt/ros/humble/share/gazebo_ros/cmake)
[1.949s] -- Found PkgConfig: /usr/bin/pkg-config (found version "0.29.2") 
[1.950s] -- Checking for module 'bullet>=2.82'
[1.958s] --   Found bullet, version 3.05
[2.030s] -- Found fcl: /usr/include (found suitable version "0.7.0", minimum required is "0.5.0") 
[2.080s] -- Found assimp: /usr/include (found version "5.2.0") 
[2.104s] -- Found DART: /usr/include (Required is at least version "6.6") found components: dart 
[2.131s] -- Found Boost: /usr/lib/x86_64-linux-gnu/cmake/Boost-1.74.0/BoostConfig.cmake (found suitable version "1.74.0", minimum required is "1.40.0") found components: thread system filesystem program_options regex iostreams date_time 
[2.141s] -- Found Protobuf: /usr/lib/x86_64-linux-gnu/libprotobuf.so (found version "3.12.4") 
[2.145s] -- Looking for ignition-math6 -- found version 6.15.0
[2.150s] -- Searching for dependencies of ignition-math6
[2.150s] -- Looking for OGRE...
[2.151s] -- OGRE_PREFIX_WATCH changed.
[2.154s] -- Checking for module 'OGRE'
[2.161s] --   Found OGRE, version 1.9.0
[2.184s] -- Found Ogre Ghadamon (1.9.0)
[2.194s] -- Found OGRE: optimized;/usr/lib/x86_64-linux-gnu/libOgreMain.so;debug;/usr/lib/x86_64-linux-gnu/libOgreMain.so
[2.203s] -- Looking for OGRE_Paging...
[2.207s] -- Found OGRE_Paging: optimized;/usr/lib/x86_64-linux-gnu/libOgrePaging.so;debug;/usr/lib/x86_64-linux-gnu/libOgrePaging.so
[2.208s] -- Looking for OGRE_Terrain...
[2.211s] -- Found OGRE_Terrain: optimized;/usr/lib/x86_64-linux-gnu/libOgreTerrain.so;debug;/usr/lib/x86_64-linux-gnu/libOgreTerrain.so
[2.211s] -- Looking for OGRE_Property...
[2.216s] -- Found OGRE_Property: optimized;/usr/lib/x86_64-linux-gnu/libOgreProperty.so;debug;/usr/lib/x86_64-linux-gnu/libOgreProperty.so
[2.216s] -- Looking for OGRE_RTShaderSystem...
[2.219s] -- Found OGRE_RTShaderSystem: optimized;/usr/lib/x86_64-linux-gnu/libOgreRTShaderSystem.so;debug;/usr/lib/x86_64-linux-gnu/libOgreRTShaderSystem.so
[2.219s] -- Looking for OGRE_Volume...
[2.223s] -- Found OGRE_Volume: optimized;/usr/lib/x86_64-linux-gnu/libOgreVolume.so;debug;/usr/lib/x86_64-linux-gnu/libOgreVolume.so
[2.223s] -- Looking for OGRE_Overlay...
[2.227s] -- Found OGRE_Overlay: optimized;/usr/lib/x86_64-linux-gnu/libOgreOverlay.so;debug;/usr/lib/x86_64-linux-gnu/libOgreOverlay.so
[2.305s] -- Looking for ignition-math6 -- found version 6.15.0
[2.307s] -- Looking for ignition-transport8 -- found version 8.2.1
[2.307s] -- Searching for dependencies of ignition-transport8
[2.320s] -- Found Protobuf: /usr/lib/x86_64-linux-gnu/libprotobuf.so (found suitable version "3.12.4", minimum required is "3") 
[2.328s] -- Config-file not installed for ZeroMQ -- checking for pkg-config
[2.331s] -- Checking for module 'libzmq >= 4'
[2.339s] --   Found libzmq , version 4.3.4
[2.361s] -- Found ZeroMQ: TRUE (Required is at least version "4") 
[2.365s] -- Checking for module 'uuid'
[2.377s] --   Found uuid, version 2.37.2
[2.433s] -- Found UUID: TRUE  
[2.439s] -- Looking for ignition-msgs5 -- found version 5.8.1
[2.440s] -- Searching for dependencies of ignition-msgs5
[2.481s] -- Looking for ignition-math6 -- found version 6.15.0
[2.491s] -- Checking for module 'tinyxml2'
[2.514s] --   Found tinyxml2, version 9.0.0
[2.577s] -- Looking for ignition-msgs5 -- found version 5.8.1
[2.584s] -- Looking for ignition-common3 -- found version 3.14.0
[2.585s] -- Searching for dependencies of ignition-common3
[2.586s] -- Looking for dlfcn.h - found
[2.588s] -- Looking for libdl - found
[2.590s] -- Found DL: TRUE  
[2.617s] -- Found tinyobjloader: /usr/lib/x86_64-linux-gnu/cmake/tinyobjloader/tinyobjloader-config.cmake (found version "2.0.0") 
[2.617s] -- Searching for <ignition-common3> component [graphics]
[2.623s] -- Looking for ignition-common3-graphics -- found version 3.14.0
[2.624s] -- Searching for dependencies of ignition-common3-graphics
[2.625s] -- Looking for ignition-math6 -- found version 6.15.0
[2.630s] -- Looking for ignition-fuel_tools4 -- found version 4.4.0
[2.630s] -- Searching for dependencies of ignition-fuel_tools4
[2.725s] -- Found CURL: /usr/lib/x86_64-linux-gnu/libcurl.so (found version "7.81.0")  
[2.745s] -- Checking for module 'jsoncpp'
[2.771s] --   Found jsoncpp, version 1.9.5
[2.833s] -- Found JSONCPP: TRUE  
[2.845s] -- Checking for module 'libzip'
[2.871s] --   Found libzip, version 1.7.3
[2.939s] -- Found ZIP: TRUE  
[2.940s] -- Looking for ignition-common3 -- found version 3.14.0
[2.941s] -- Looking for ignition-math6 -- found version 6.15.0
[2.943s] -- Looking for ignition-msgs5 -- found version 5.8.1
[2.956s] -- Gazebo version: 11.10
[2.956s] -- Checking for module 'tbb'
[2.978s] --   Found tbb, version 2021.5.0
[3.045s] -- Found nav_msgs: 4.2.3 (/opt/ros/humble/share/nav_msgs/cmake)
[3.123s] -- Found gazebo_msgs: 3.7.0 (/opt/ros/humble/share/gazebo_msgs/cmake)
[3.254s] -- Found ament_lint_auto: 0.12.8 (/opt/ros/humble/share/ament_lint_auto/cmake)
[3.298s] WARNING: Package name "808x-final-project" does not follow the naming conventions. It should start with a lower case letter and only contain lower case letters, digits, underscores, and dashes.
[3.355s] -- Added test 'cppcheck' to perform static code analysis on C / C++ code
[3.355s] -- Configured cppcheck include dirs: 
[3.355s] -- Configured cppcheck exclude dirs and/or files: 
[3.359s] -- Added test 'lint_cmake' to check CMake code style
[3.367s] -- Added test 'uncrustify' to check C / C++ code style
[3.367s] -- Configured uncrustify additional arguments: 
[3.369s] -- Added test 'xmllint' to check XML markup files
[3.370s] -- Configuring done
[3.374s] -- Generating done
[3.376s] -- Build files have been written to: /home/hac/ros2_ws/src/808x-final-project/build/808x-final-project
[3.387s] Invoked command in '/home/hac/ros2_ws/src/808x-final-project/build/808x-final-project' returned '0': CMAKE_PREFIX_PATH=${CMAKE_PREFIX_PATH}:/home/hac/ros2_ws/install/turtlebot3_teleop:/opt/ros/humble /usr/bin/cmake /home/hac/ros2_ws/src/808x-final-project -DCMAKE_INSTALL_PREFIX=/home/hac/ros2_ws/src/808x-final-project/install/808x-final-project
[3.387s] Invoking command in '/home/hac/ros2_ws/src/808x-final-project/build/808x-final-project': CMAKE_PREFIX_PATH=${CMAKE_PREFIX_PATH}:/home/hac/ros2_ws/install/turtlebot3_teleop:/opt/ros/humble /usr/bin/cmake --build /home/hac/ros2_ws/src/808x-final-project/build/808x-final-project -- -j16 -l16
[3.440s] Invoked command in '/home/hac/ros2_ws/src/808x-final-project/build/808x-final-project' returned '0': CMAKE_PREFIX_PATH=${CMAKE_PREFIX_PATH}:/home/hac/ros2_ws/install/turtlebot3_teleop:/opt/ros/humble /usr/bin/cmake --build /home/hac/ros2_ws/src/808x-final-project/build/808x-final-project -- -j16 -l16
[3.501s] Invoking command in '/home/hac/ros2_ws/src/808x-final-project/build/808x-final-project': CMAKE_PREFIX_PATH=${CMAKE_PREFIX_PATH}:/home/hac/ros2_ws/install/turtlebot3_teleop:/opt/ros/humble /usr/bin/cmake --install /home/hac/ros2_ws/src/808x-final-project/build/808x-final-project
[3.513s] -- Install configuration: ""
[3.514s] -- Installing: /home/hac/ros2_ws/src/808x-final-project/install/808x-final-project/share/ament_index/resource_index/package_run_dependencies/808x-final-project
[3.514s] -- Installing: /home/hac/ros2_ws/src/808x-final-project/install/808x-final-project/share/ament_index/resource_index/parent_prefix_path/808x-final-project
[3.515s] -- Installing: /home/hac/ros2_ws/src/808x-final-project/install/808x-final-project/share/808x-final-project/environment/ament_prefix_path.sh
[3.515s] -- Installing: /home/hac/ros2_ws/src/808x-final-project/install/808x-final-project/share/808x-final-project/environment/ament_prefix_path.dsv
[3.515s] -- Installing: /home/hac/ros2_ws/src/808x-final-project/install/808x-final-project/share/808x-final-project/environment/path.sh
[3.515s] -- Installing: /home/hac/ros2_ws/src/808x-final-project/install/808x-final-project/share/808x-final-project/environment/path.dsv
[3.515s] -- Installing: /home/hac/ros2_ws/src/808x-final-project/install/808x-final-project/share/808x-final-project/local_setup.bash
[3.516s] -- Installing: /home/hac/ros2_ws/src/808x-final-project/install/808x-final-project/share/808x-final-project/local_setup.sh
[3.516s] -- Installing: /home/hac/ros2_ws/src/808x-final-project/install/808x-final-project/share/808x-final-project/local_setup.zsh
[3.516s] -- Installing: /home/hac/ros2_ws/src/808x-final-project/install/808x-final-project/share/808x-final-project/local_setup.dsv
[3.516s] -- Installing: /home/hac/ros2_ws/src/808x-final-project/install/808x-final-project/share/808x-final-project/package.dsv
[3.517s] -- Installing: /home/hac/ros2_ws/src/808x-final-project/install/808x-final-project/share/ament_index/resource_index/packages/808x-final-project
[3.517s] -- Installing: /home/hac/ros2_ws/src/808x-final-project/install/808x-final-project/share/808x-final-project/cmake/808x-final-projectConfig.cmake
[3.517s] -- Installing: /home/hac/ros2_ws/src/808x-final-project/install/808x-final-project/share/808x-final-project/cmake/808x-final-projectConfig-version.cmake
[3.517s] -- Installing: /home/hac/ros2_ws/src/808x-final-project/install/808x-final-project/share/808x-final-project/package.xml
[3.521s] Invoked command in '/home/hac/ros2_ws/src/808x-final-project/build/808x-final-project' returned '0': CMAKE_PREFIX_PATH=${CMAKE_PREFIX_PATH}:/home/hac/ros2_ws/install/turtlebot3_teleop:/opt/ros/humble /usr/bin/cmake --install /home/hac/ros2_ws/src/808x-final-project/build/808x-final-project
