[0.659s] DEBUG:colcon:Command line arguments: ['/usr/bin/colcon', 'build']
[0.659s] DEBUG:colcon:Parsed command line arguments: Namespace(log_base=None, log_level=None, verb_name='build', build_base='build', install_base='install', merge_install=False, symlink_install=False, test_result_base=None, continue_on_error=False, executor='parallel', parallel_workers=16, event_handlers=None, ignore_user_meta=False, metas=['./colcon.meta'], base_paths=['.'], packages_ignore=None, packages_ignore_regex=None, paths=None, packages_up_to=None, packages_up_to_regex=None, packages_above=None, packages_above_and_dependencies=None, packages_above_depth=None, packages_select_by_dep=None, packages_skip_by_dep=None, packages_skip_up_to=None, packages_select_build_failed=False, packages_skip_build_finished=False, packages_select_test_failures=False, packages_skip_test_passed=False, packages_select=None, packages_skip=None, packages_select_regex=None, packages_skip_regex=None, packages_start=None, packages_end=None, allow_overriding=[], cmake_args=None, cmake_target=None, cmake_target_skip_unavailable=False, cmake_clean_cache=False, cmake_clean_first=False, cmake_force_configure=False, ament_cmake_args=None, catkin_cmake_args=None, catkin_skip_building_tests=False, verb_parser=<colcon_defaults.argument_parser.defaults.DefaultArgumentsDecorator object at 0x7f4c5887d8d0>, verb_extension=<colcon_core.verb.build.BuildVerb object at 0x7f4c5887dde0>, main=<bound method BuildVerb.main of <colcon_core.verb.build.BuildVerb object at 0x7f4c5887dde0>>)
[0.693s] Level 1:colcon.colcon_core.package_discovery:discover_packages(colcon_meta) check parameters
[0.693s] Level 1:colcon.colcon_core.package_discovery:discover_packages(recursive) check parameters
[0.693s] Level 1:colcon.colcon_core.package_discovery:discover_packages(ignore) check parameters
[0.693s] Level 1:colcon.colcon_core.package_discovery:discover_packages(path) check parameters
[0.694s] Level 1:colcon.colcon_core.package_discovery:discover_packages(colcon_meta) discover
[0.694s] Level 1:colcon.colcon_core.package_discovery:discover_packages(recursive) discover
[0.694s] INFO:colcon.colcon_core.package_discovery:Crawling recursively for packages in '/home/hac/ros2_ws/src/808x-final-project'
[0.694s] Level 1:colcon.colcon_core.package_identification:_identify(.) by extensions ['ignore', 'ignore_ament_install']
[0.694s] Level 1:colcon.colcon_core.package_identification:_identify(.) by extension 'ignore'
[0.694s] Level 1:colcon.colcon_core.package_identification:_identify(.) by extension 'ignore_ament_install'
[0.694s] Level 1:colcon.colcon_core.package_identification:_identify(.) by extensions ['colcon_pkg']
[0.694s] Level 1:colcon.colcon_core.package_identification:_identify(.) by extension 'colcon_pkg'
[0.694s] Level 1:colcon.colcon_core.package_identification:_identify(.) by extensions ['colcon_meta']
[0.694s] Level 1:colcon.colcon_core.package_identification:_identify(.) by extension 'colcon_meta'
[0.694s] Level 1:colcon.colcon_core.package_identification:_identify(.) by extensions ['ros']
[0.694s] Level 1:colcon.colcon_core.package_identification:_identify(.) by extension 'ros'
[0.703s] DEBUG:colcon.colcon_core.package_identification:Package '.' with type 'ros.ament_cmake' and name '808x-final-project'
[0.703s] Level 1:colcon.colcon_core.package_discovery:discover_packages(recursive) using defaults
[0.703s] Level 1:colcon.colcon_core.package_discovery:discover_packages(ignore) discover
[0.703s] Level 1:colcon.colcon_core.package_discovery:discover_packages(ignore) using defaults
[0.703s] Level 1:colcon.colcon_core.package_discovery:discover_packages(path) discover
[0.703s] Level 1:colcon.colcon_core.package_discovery:discover_packages(path) using defaults
[0.776s] Level 1:colcon.colcon_core.package_discovery:discover_packages(prefix_path) check parameters
[0.776s] Level 1:colcon.colcon_core.package_discovery:discover_packages(prefix_path) discover
[0.796s] DEBUG:colcon.colcon_installed_package_information.package_discovery:Found 24 installed packages in /home/hac/ros2_ws/install
[0.807s] DEBUG:colcon.colcon_installed_package_information.package_discovery:Found 414 installed packages in /opt/ros/humble
[0.808s] Level 1:colcon.colcon_core.package_discovery:discover_packages(prefix_path) using defaults
[0.888s] Level 5:colcon.colcon_core.verb:set package '808x-final-project' build argument 'cmake_args' from command line to 'None'
[0.888s] Level 5:colcon.colcon_core.verb:set package '808x-final-project' build argument 'cmake_target' from command line to 'None'
[0.888s] Level 5:colcon.colcon_core.verb:set package '808x-final-project' build argument 'cmake_target_skip_unavailable' from command line to 'False'
[0.888s] Level 5:colcon.colcon_core.verb:set package '808x-final-project' build argument 'cmake_clean_cache' from command line to 'False'
[0.888s] Level 5:colcon.colcon_core.verb:set package '808x-final-project' build argument 'cmake_clean_first' from command line to 'False'
[0.888s] Level 5:colcon.colcon_core.verb:set package '808x-final-project' build argument 'cmake_force_configure' from command line to 'False'
[0.888s] Level 5:colcon.colcon_core.verb:set package '808x-final-project' build argument 'ament_cmake_args' from command line to 'None'
[0.888s] Level 5:colcon.colcon_core.verb:set package '808x-final-project' build argument 'catkin_cmake_args' from command line to 'None'
[0.888s] Level 5:colcon.colcon_core.verb:set package '808x-final-project' build argument 'catkin_skip_building_tests' from command line to 'False'
[0.888s] DEBUG:colcon.colcon_core.verb:Building package '808x-final-project' with the following arguments: {'ament_cmake_args': None, 'build_base': '/home/hac/ros2_ws/src/808x-final-project/build/808x-final-project', 'catkin_cmake_args': None, 'catkin_skip_building_tests': False, 'cmake_args': None, 'cmake_clean_cache': False, 'cmake_clean_first': False, 'cmake_force_configure': False, 'cmake_target': None, 'cmake_target_skip_unavailable': False, 'install_base': '/home/hac/ros2_ws/src/808x-final-project/install/808x-final-project', 'merge_install': False, 'path': '/home/hac/ros2_ws/src/808x-final-project', 'symlink_install': False, 'test_result_base': None}
[0.897s] INFO:colcon.colcon_core.executor:Executing jobs using 'parallel' executor
[0.909s] DEBUG:colcon.colcon_parallel_executor.executor.parallel:run_until_complete
[0.909s] INFO:colcon.colcon_ros.task.ament_cmake.build:Building ROS package in '/home/hac/ros2_ws/src/808x-final-project' with build type 'ament_cmake'
[0.909s] INFO:colcon.colcon_cmake.task.cmake.build:Building CMake package in '/home/hac/ros2_ws/src/808x-final-project'
[0.924s] INFO:colcon.colcon_core.plugin_system:Skipping extension 'colcon_core.shell.bat': Not used on non-Windows systems
[0.924s] INFO:colcon.colcon_core.shell:Skip shell extension 'powershell' for command environment: Not usable outside of PowerShell
[0.924s] DEBUG:colcon.colcon_core.shell:Skip shell extension 'dsv' for command environment
[0.970s] DEBUG:colcon.colcon_core.event_handler.log_command:Invoking command in '/home/hac/ros2_ws/src/808x-final-project/build/808x-final-project': CMAKE_PREFIX_PATH=${CMAKE_PREFIX_PATH}:/home/hac/ros2_ws/install/turtlebot3_teleop:/home/hac/ros2_ws/install/turtlebot3_example:/opt/ros/humble /usr/bin/cmake --build /home/hac/ros2_ws/src/808x-final-project/build/808x-final-project -- -j16 -l16
[5.511s] DEBUG:colcon.colcon_core.event_handler.log_command:Invoked command in '/home/hac/ros2_ws/src/808x-final-project/build/808x-final-project' returned '2': CMAKE_PREFIX_PATH=${CMAKE_PREFIX_PATH}:/home/hac/ros2_ws/install/turtlebot3_teleop:/home/hac/ros2_ws/install/turtlebot3_example:/opt/ros/humble /usr/bin/cmake --build /home/hac/ros2_ws/src/808x-final-project/build/808x-final-project -- -j16 -l16
[5.604s] Level 1:colcon.colcon_core.environment:create_environment_scripts_only(808x-final-project)
[5.628s] Level 1:colcon.colcon_core.environment:checking '/home/hac/ros2_ws/src/808x-final-project/install/808x-final-project' for CMake module files
[5.629s] Level 1:colcon.colcon_core.environment:checking '/home/hac/ros2_ws/src/808x-final-project/install/808x-final-project' for CMake config files
[5.629s] Level 1:colcon.colcon_core.environment:checking '/home/hac/ros2_ws/src/808x-final-project/install/808x-final-project/bin'
[5.629s] Level 1:colcon.colcon_core.environment:checking '/home/hac/ros2_ws/src/808x-final-project/install/808x-final-project/lib/pkgconfig/808x-final-project.pc'
[5.629s] Level 1:colcon.colcon_core.environment:checking '/home/hac/ros2_ws/src/808x-final-project/install/808x-final-project/lib/python3.10/site-packages'
[5.630s] Level 1:colcon.colcon_core.environment:checking '/home/hac/ros2_ws/src/808x-final-project/install/808x-final-project/bin'
[5.643s] INFO:colcon.colcon_core.shell:Creating package script '/home/hac/ros2_ws/src/808x-final-project/install/808x-final-project/share/808x-final-project/package.ps1'
[5.644s] INFO:colcon.colcon_core.shell:Creating package descriptor '/home/hac/ros2_ws/src/808x-final-project/install/808x-final-project/share/808x-final-project/package.dsv'
[5.644s] INFO:colcon.colcon_core.shell:Creating package script '/home/hac/ros2_ws/src/808x-final-project/install/808x-final-project/share/808x-final-project/package.sh'
[5.645s] INFO:colcon.colcon_core.shell:Creating package script '/home/hac/ros2_ws/src/808x-final-project/install/808x-final-project/share/808x-final-project/package.bash'
[5.646s] INFO:colcon.colcon_core.shell:Creating package script '/home/hac/ros2_ws/src/808x-final-project/install/808x-final-project/share/808x-final-project/package.zsh'
[5.646s] Level 1:colcon.colcon_core.environment:create_file_with_runtime_dependencies(/home/hac/ros2_ws/src/808x-final-project/install/808x-final-project/share/colcon-core/packages/808x-final-project)
[5.657s] DEBUG:colcon.colcon_parallel_executor.executor.parallel:closing loop
[5.657s] DEBUG:colcon.colcon_parallel_executor.executor.parallel:loop closed
[5.657s] DEBUG:colcon.colcon_parallel_executor.executor.parallel:run_until_complete finished with '2'
[5.657s] DEBUG:colcon.colcon_core.event_reactor:joining thread
[5.681s] INFO:colcon.colcon_core.plugin_system:Skipping extension 'colcon_notification.desktop_notification.terminal_notifier': Not used on non-Darwin systems
[5.681s] INFO:colcon.colcon_core.plugin_system:Skipping extension 'colcon_notification.desktop_notification.win32': Not used on non-Windows systems
[5.681s] INFO:colcon.colcon_notification.desktop_notification:Sending desktop notification using 'notify2'
[5.705s] DEBUG:colcon.colcon_core.event_reactor:joined thread
[5.721s] INFO:colcon.colcon_core.shell:Creating prefix script '/home/hac/ros2_ws/src/808x-final-project/install/local_setup.ps1'
[5.722s] INFO:colcon.colcon_core.shell:Creating prefix util module '/home/hac/ros2_ws/src/808x-final-project/install/_local_setup_util_ps1.py'
[5.723s] INFO:colcon.colcon_core.shell:Creating prefix chain script '/home/hac/ros2_ws/src/808x-final-project/install/setup.ps1'
[5.741s] INFO:colcon.colcon_core.shell:Creating prefix script '/home/hac/ros2_ws/src/808x-final-project/install/local_setup.sh'
[5.741s] INFO:colcon.colcon_core.shell:Creating prefix util module '/home/hac/ros2_ws/src/808x-final-project/install/_local_setup_util_sh.py'
[5.742s] INFO:colcon.colcon_core.shell:Creating prefix chain script '/home/hac/ros2_ws/src/808x-final-project/install/setup.sh'
[5.759s] INFO:colcon.colcon_core.shell:Creating prefix script '/home/hac/ros2_ws/src/808x-final-project/install/local_setup.bash'
[5.759s] INFO:colcon.colcon_core.shell:Creating prefix chain script '/home/hac/ros2_ws/src/808x-final-project/install/setup.bash'
[5.776s] INFO:colcon.colcon_core.shell:Creating prefix script '/home/hac/ros2_ws/src/808x-final-project/install/local_setup.zsh'
[5.776s] INFO:colcon.colcon_core.shell:Creating prefix chain script '/home/hac/ros2_ws/src/808x-final-project/install/setup.zsh'
