[0.061s] Invoking command in '/home/hac/ros2_ws/src/808x-final-project/build/808x-final-project': CMAKE_PREFIX_PATH=${CMAKE_PREFIX_PATH}:/home/hac/ros2_ws/install/turtlebot3_teleop:/home/hac/ros2_ws/install/turtlebot3_example:/opt/ros/humble /usr/bin/cmake --build /home/hac/ros2_ws/src/808x-final-project/build/808x-final-project -- -j16 -l16
[0.129s] [35m[1mConsolidate compiler generated dependencies of target libratech[0m
[0.138s] [ 15%] Built target gtest_main
[0.138s] [ 30%] Built target gtest
[0.188s] [ 38%] [32mBuilding CXX object CMakeFiles/libratech.dir/src/manipulation.cpp.o[0m
[0.189s] [ 46%] [32mBuilding CXX object CMakeFiles/libratech.dir/src/navigation.cpp.o[0m
[0.190s] [ 69%] Built target test_808x-final-project
[0.191s] [ 76%] [32mBuilding CXX object CMakeFiles/libratech.dir/src/perception.cpp.o[0m
[2.466s] [01m[K/home/hac/ros2_ws/src/808x-final-project/src/manipulation.cpp:[m[K In member function ‘[01m[Kbool Manipulation::pick_book()[m[K’:
[2.466s] [01m[K/home/hac/ros2_ws/src/808x-final-project/src/manipulation.cpp:46:61:[m[K [01;31m[Kerror: [m[Kexpected unqualified-id before numeric constant
[2.466s]    46 | while (!pick_client->wait_for_service(std::chrono_literals::[01;31m[K1s[m[K)) {
[2.467s]       |                                                             [01;31m[K^~[m[K
[2.469s] [01m[K/home/hac/ros2_ws/src/808x-final-project/src/manipulation.cpp:63:53:[m[K [01;31m[Kerror: [m[Kunable to find numeric literal operator ‘[01m[Koperator""s[m[K’
[2.469s]    63 |                                             result, [01;31m[K10s[m[K);
[2.469s]       |                                                     [01;31m[K^~~[m[K
[3.097s] [01m[K/home/hac/ros2_ws/src/808x-final-project/src/manipulation.cpp:69:1:[m[K [01;35m[Kwarning: [m[Kcontrol reaches end of non-void function [[01;35m[K]8;;https://gcc.gnu.org/onlinedocs/gcc/Warning-Options.html#index-Wreturn-type-Wreturn-type]8;;[m[K]
[3.097s]    69 | [01;35m[K}[m[K
[3.097s]       | [01;35m[K^[m[K
[3.124s] gmake[2]: *** [CMakeFiles/libratech.dir/build.make:90: CMakeFiles/libratech.dir/src/manipulation.cpp.o] Error 1
[3.124s] gmake[2]: *** Waiting for unfinished jobs....
[3.154s] [01m[K/home/hac/ros2_ws/src/808x-final-project/src/navigation.cpp:[m[K In member function ‘[01m[Kbool Navigation::search_book()[m[K’:
[3.154s] [01m[K/home/hac/ros2_ws/src/808x-final-project/src/navigation.cpp:85:23:[m[K [01;31m[Kerror: [m[Kunable to find numeric literal operator ‘[01m[Koperator""ms[m[K’
[3.154s]    85 |     rclcpp::sleep_for([01;31m[K1000ms[m[K);
[3.154s]       |                       [01;31m[K^~~~~~[m[K
[3.155s] [01m[K/home/hac/ros2_ws/src/808x-final-project/src/navigation.cpp:90:76:[m[K [01;31m[Kerror: [m[K‘[01m[K_1[m[K’ was not declared in this scope; did you mean ‘[01m[Kstd::placeholders::_1[m[K’?
[3.155s]    90 |                         std::bind(&Navigation::odom_callback_search, this, [01;31m[K_1[m[K));
[3.155s]       |                                                                            [01;31m[K^~[m[K
[3.155s]       |                                                                            [32m[Kstd::placeholders::_1[m[K
[3.156s] In file included from [01m[K/usr/include/c++/11/pstl/glue_algorithm_defs.h:13[m[K,
[3.156s]                  from [01m[K/usr/include/c++/11/algorithm:74[m[K,
[3.156s]                  from [01m[K/opt/ros/humble/include/rclcpp/rclcpp/executor.hpp:18[m[K,
[3.156s]                  from [01m[K/opt/ros/humble/include/rclcpp/rclcpp/executors/multi_threaded_executor.hpp:25[m[K,
[3.156s]                  from [01m[K/opt/ros/humble/include/rclcpp/rclcpp/executors.hpp:21[m[K,
[3.156s]                  from [01m[K/opt/ros/humble/include/rclcpp/rclcpp/rclcpp.hpp:155[m[K,
[3.156s]                  from [01m[K/home/hac/ros2_ws/src/808x-final-project/src/../include/navigation.hpp:14[m[K,
[3.156s]                  from [01m[K/home/hac/ros2_ws/src/808x-final-project/src/navigation.cpp:12[m[K:
[3.156s] [01m[K/usr/include/c++/11/functional:225:34:[m[K [01;36m[Knote: [m[K‘[01m[Kstd::placeholders::_1[m[K’ declared here
[3.156s]   225 |     extern const _Placeholder<1> [01;36m[K_1[m[K;
[3.156s]       |                                  [01;36m[K^~[m[K
[3.156s] In file included from [01m[K/opt/ros/humble/include/rclcpp/rclcpp/logging.hpp:24[m[K,
[3.156s]                  from [01m[K/opt/ros/humble/include/rclcpp/rclcpp/client.hpp:40[m[K,
[3.156s]                  from [01m[K/opt/ros/humble/include/rclcpp/rclcpp/callback_group.hpp:24[m[K,
[3.157s]                  from [01m[K/opt/ros/humble/include/rclcpp/rclcpp/any_executable.hpp:20[m[K,
[3.157s]                  from [01m[K/opt/ros/humble/include/rclcpp/rclcpp/memory_strategy.hpp:25[m[K,
[3.157s]                  from [01m[K/opt/ros/humble/include/rclcpp/rclcpp/memory_strategies.hpp:18[m[K,
[3.157s]                  from [01m[K/opt/ros/humble/include/rclcpp/rclcpp/executor_options.hpp:20[m[K,
[3.157s]                  from [01m[K/opt/ros/humble/include/rclcpp/rclcpp/executor.hpp:37[m[K,
[3.157s]                  from [01m[K/opt/ros/humble/include/rclcpp/rclcpp/executors/multi_threaded_executor.hpp:25[m[K,
[3.157s]                  from [01m[K/opt/ros/humble/include/rclcpp/rclcpp/executors.hpp:21[m[K,
[3.157s]                  from [01m[K/opt/ros/humble/include/rclcpp/rclcpp/rclcpp.hpp:155[m[K,
[3.157s]                  from [01m[K/home/hac/ros2_ws/src/808x-final-project/src/../include/navigation.hpp:14[m[K,
[3.157s]                  from [01m[K/home/hac/ros2_ws/src/808x-final-project/src/navigation.cpp:12[m[K:
[3.157s] [01m[K/home/hac/ros2_ws/src/808x-final-project/src/navigation.cpp:95:41:[m[K [01;35m[Kwarning: [m[Kformat ‘[01m[K%d[m[K’ expects argument of type ‘[01m[Kint[m[K’, but argument 5 has type ‘[01m[Kstd::vector<float>::size_type[m[K’ {aka ‘[01m[Klong unsigned int[m[K’} [[01;35m[K]8;;https://gcc.gnu.org/onlinedocs/gcc/Warning-Options.html#index-Wformat=-Wformat=]8;;[m[K]
[3.157s]    95 |         RCLCPP_INFO(this->get_logger(), [01;35m[K"In Search Bins %d %f"[m[K,
[3.157s]       |                                         [01;35m[K^~~~~~~~~~~~~~~~~~~~~~[m[K
[3.157s]    96 |                     [32m[Ksearch_pos.size()[m[K, pop_pos);
[3.157s]       |                     [32m[K~~~~~~~~~~~~~~~~~[m[K    
[3.157s]       |                                    [32m[K|[m[K
[3.157s]       |                                    [32m[Kstd::vector<float>::size_type {aka long unsigned int}[m[K
[3.158s] [01m[K/home/hac/ros2_ws/src/808x-final-project/src/navigation.cpp:95:58:[m[K [01;36m[Knote: [m[Kformat string is defined here
[3.158s]    95 |         RCLCPP_INFO(this->get_logger(), "In Search Bins [01;36m[K%d[m[K %f",
[3.158s]       |                                                         [01;36m[K~^[m[K
[3.158s]       |                                                          [01;36m[K|[m[K
[3.158s]       |                                                          [01;36m[Kint[m[K
[3.158s]       |                                                         [32m[K%ld[m[K
[3.158s] [01m[K/home/hac/ros2_ws/src/808x-final-project/src/navigation.cpp:114:31:[m[K [01;31m[Kerror: [m[Kunable to find numeric literal operator ‘[01m[Koperator""ms[m[K’
[3.158s]   114 |             rclcpp::sleep_for([01;31m[K500ms[m[K);
[3.158s]       |                               [01;31m[K^~~~~[m[K
[3.159s] [01m[K/home/hac/ros2_ws/src/808x-final-project/src/navigation.cpp:[m[K In member function ‘[01m[Kbool Navigation::go_to_shelf()[m[K’:
[3.159s] [01m[K/home/hac/ros2_ws/src/808x-final-project/src/navigation.cpp:132:71:[m[K [01;31m[Kerror: [m[K‘[01m[K_1[m[K’ was not declared in this scope; did you mean ‘[01m[Kstd::placeholders::_1[m[K’?
[3.160s]   132 |                     std::bind(&Navigation::odom_callback_place, this, [01;31m[K_1[m[K));
[3.160s]       |                                                                       [01;31m[K^~[m[K
[3.160s]       |                                                                       [32m[Kstd::placeholders::_1[m[K
[3.160s] In file included from [01m[K/usr/include/c++/11/pstl/glue_algorithm_defs.h:13[m[K,
[3.160s]                  from [01m[K/usr/include/c++/11/algorithm:74[m[K,
[3.160s]                  from [01m[K/opt/ros/humble/include/rclcpp/rclcpp/executor.hpp:18[m[K,
[3.160s]                  from [01m[K/opt/ros/humble/include/rclcpp/rclcpp/executors/multi_threaded_executor.hpp:25[m[K,
[3.160s]                  from [01m[K/opt/ros/humble/include/rclcpp/rclcpp/executors.hpp:21[m[K,
[3.160s]                  from [01m[K/opt/ros/humble/include/rclcpp/rclcpp/rclcpp.hpp:155[m[K,
[3.160s]                  from [01m[K/home/hac/ros2_ws/src/808x-final-project/src/../include/navigation.hpp:14[m[K,
[3.160s]                  from [01m[K/home/hac/ros2_ws/src/808x-final-project/src/navigation.cpp:12[m[K:
[3.160s] [01m[K/usr/include/c++/11/functional:225:34:[m[K [01;36m[Knote: [m[K‘[01m[Kstd::placeholders::_1[m[K’ declared here
[3.160s]   225 |     extern const _Placeholder<1> [01;36m[K_1[m[K;
[3.160s]       |                                  [01;36m[K^~[m[K
[3.160s] [01m[K/home/hac/ros2_ws/src/808x-final-project/src/navigation.cpp:148:27:[m[K [01;31m[Kerror: [m[Kunable to find numeric literal operator ‘[01m[Koperator""ms[m[K’
[3.160s]   148 |         rclcpp::sleep_for([01;31m[K500ms[m[K);
[3.160s]       |                           [01;31m[K^~~~~[m[K
[3.161s] [01m[K/home/hac/ros2_ws/src/808x-final-project/src/navigation.cpp:[m[K In member function ‘[01m[Kbool Navigation::resume_search()[m[K’:
[3.161s] [01m[K/home/hac/ros2_ws/src/808x-final-project/src/navigation.cpp:164:72:[m[K [01;31m[Kerror: [m[K‘[01m[K_1[m[K’ was not declared in this scope; did you mean ‘[01m[Kstd::placeholders::_1[m[K’?
[3.161s]   164 |                     std::bind(&Navigation::odom_callback_search, this, [01;31m[K_1[m[K));
[3.161s]       |                                                                        [01;31m[K^~[m[K
[3.161s]       |                                                                        [32m[Kstd::placeholders::_1[m[K
[3.161s] In file included from [01m[K/usr/include/c++/11/pstl/glue_algorithm_defs.h:13[m[K,
[3.161s]                  from [01m[K/usr/include/c++/11/algorithm:74[m[K,
[3.161s]                  from [01m[K/opt/ros/humble/include/rclcpp/rclcpp/executor.hpp:18[m[K,
[3.161s]                  from [01m[K/opt/ros/humble/include/rclcpp/rclcpp/executors/multi_threaded_executor.hpp:25[m[K,
[3.161s]                  from [01m[K/opt/ros/humble/include/rclcpp/rclcpp/executors.hpp:21[m[K,
[3.161s]                  from [01m[K/opt/ros/humble/include/rclcpp/rclcpp/rclcpp.hpp:155[m[K,
[3.161s]                  from [01m[K/home/hac/ros2_ws/src/808x-final-project/src/../include/navigation.hpp:14[m[K,
[3.161s]                  from [01m[K/home/hac/ros2_ws/src/808x-final-project/src/navigation.cpp:12[m[K:
[3.162s] [01m[K/usr/include/c++/11/functional:225:34:[m[K [01;36m[Knote: [m[K‘[01m[Kstd::placeholders::_1[m[K’ declared here
[3.162s]   225 |     extern const _Placeholder<1> [01;36m[K_1[m[K;
[3.162s]       |                                  [01;36m[K^~[m[K
[3.162s] [01m[K/home/hac/ros2_ws/src/808x-final-project/src/navigation.cpp:180:27:[m[K [01;31m[Kerror: [m[Kunable to find numeric literal operator ‘[01m[Koperator""ms[m[K’
[3.162s]   180 |         rclcpp::sleep_for([01;31m[K500ms[m[K);
[3.162s]       |                           [01;31m[K^~~~~[m[K
[3.244s] [01m[K/home/hac/ros2_ws/src/808x-final-project/src/perception.cpp:[m[K In constructor ‘[01m[KPerception::Perception()[m[K’:
[3.244s] [01m[K/home/hac/ros2_ws/src/808x-final-project/src/perception.cpp:34:32:[m[K [01;31m[Kerror: [m[K‘[01m[Kodom_callback[m[K’ is not a member of ‘[01m[KPerception[m[K’
[3.245s]    34 |         std::bind(&Perception::[01;31m[Kodom_callback[m[K, this, _1));
[3.245s]       |                                [01;31m[K^~~~~~~~~~~~~[m[K
[3.245s] [01m[K/home/hac/ros2_ws/src/808x-final-project/src/perception.cpp:34:53:[m[K [01;31m[Kerror: [m[K‘[01m[K_1[m[K’ was not declared in this scope; did you mean ‘[01m[Kstd::placeholders::_1[m[K’?
[3.246s]    34 |         std::bind(&Perception::odom_callback, this, [01;31m[K_1[m[K));
[3.246s]       |                                                     [01;31m[K^~[m[K
[3.246s]       |                                                     [32m[Kstd::placeholders::_1[m[K
[3.246s] In file included from [01m[K/usr/include/c++/11/pstl/glue_algorithm_defs.h:13[m[K,
[3.246s]                  from [01m[K/usr/include/c++/11/algorithm:74[m[K,
[3.246s]                  from [01m[K/opt/ros/humble/include/rclcpp/rclcpp/executor.hpp:18[m[K,
[3.246s]                  from [01m[K/opt/ros/humble/include/rclcpp/rclcpp/executors/multi_threaded_executor.hpp:25[m[K,
[3.246s]                  from [01m[K/opt/ros/humble/include/rclcpp/rclcpp/executors.hpp:21[m[K,
[3.246s]                  from [01m[K/opt/ros/humble/include/rclcpp/rclcpp/rclcpp.hpp:155[m[K,
[3.246s]                  from [01m[K/home/hac/ros2_ws/src/808x-final-project/src/../include/perception.hpp:14[m[K,
[3.246s]                  from [01m[K/home/hac/ros2_ws/src/808x-final-project/src/perception.cpp:14[m[K:
[3.246s] [01m[K/usr/include/c++/11/functional:225:34:[m[K [01;36m[Knote: [m[K‘[01m[Kstd::placeholders::_1[m[K’ declared here
[3.247s]   225 |     extern const _Placeholder<1> [01;36m[K_1[m[K;
[3.247s]       |                                  [01;36m[K^~[m[K
[3.248s] [01m[K/home/hac/ros2_ws/src/808x-final-project/src/perception.cpp:[m[K In member function ‘[01m[Kvoid Perception::img_sensor_callback(const ConstSharedPtr&)[m[K’:
[3.248s] [01m[K/home/hac/ros2_ws/src/808x-final-project/src/perception.cpp:47:46:[m[K [01;31m[Kerror: [m[K‘[01m[Kmsg[m[K’ was not declared in this scope
[3.248s]    47 |         cv::Mat image = cv_bridge::toCvShare([01;31m[Kmsg[m[K, msg->encoding)->image;
[3.248s]       |                                              [01;31m[K^~~[m[K
[3.248s] [01m[K/home/hac/ros2_ws/src/808x-final-project/src/perception.cpp:47:46:[m[K [01;36m[Knote: [m[Ksuggested alternatives:
[3.248s] In file included from [01m[K/opt/ros/humble/include/builtin_interfaces/builtin_interfaces/msg/duration.hpp:7[m[K,
[3.248s]                  from [01m[K/opt/ros/humble/include/rclcpp/rclcpp/duration.hpp:20[m[K,
[3.248s]                  from [01m[K/opt/ros/humble/include/rclcpp/rclcpp/qos.hpp:20[m[K,
[3.249s]                  from [01m[K/opt/ros/humble/include/rclcpp/rclcpp/node_interfaces/node_graph_interface.hpp:32[m[K,
[3.249s]                  from [01m[K/opt/ros/humble/include/rclcpp/rclcpp/client.hpp:42[m[K,
[3.249s]                  from [01m[K/opt/ros/humble/include/rclcpp/rclcpp/callback_group.hpp:24[m[K,
[3.249s]                  from [01m[K/opt/ros/humble/include/rclcpp/rclcpp/any_executable.hpp:20[m[K,
[3.249s]                  from [01m[K/opt/ros/humble/include/rclcpp/rclcpp/memory_strategy.hpp:25[m[K,
[3.249s]                  from [01m[K/opt/ros/humble/include/rclcpp/rclcpp/memory_strategies.hpp:18[m[K,
[3.249s]                  from [01m[K/opt/ros/humble/include/rclcpp/rclcpp/executor_options.hpp:20[m[K,
[3.249s]                  from [01m[K/opt/ros/humble/include/rclcpp/rclcpp/executor.hpp:37[m[K,
[3.249s]                  from [01m[K/opt/ros/humble/include/rclcpp/rclcpp/executors/multi_threaded_executor.hpp:25[m[K,
[3.249s]                  from [01m[K/opt/ros/humble/include/rclcpp/rclcpp/executors.hpp:21[m[K,
[3.249s]                  from [01m[K/opt/ros/humble/include/rclcpp/rclcpp/rclcpp.hpp:155[m[K,
[3.249s]                  from [01m[K/home/hac/ros2_ws/src/808x-final-project/src/../include/perception.hpp:14[m[K,
[3.249s]                  from [01m[K/home/hac/ros2_ws/src/808x-final-project/src/perception.cpp:14[m[K:
[3.249s] [01m[K/opt/ros/humble/include/builtin_interfaces/builtin_interfaces/msg/detail/duration__struct.hpp:27:11:[m[K [01;36m[Knote: [m[K  ‘[01m[Kbuiltin_interfaces::msg[m[K’
[3.249s]    27 | namespace [01;36m[Kmsg[m[K
[3.249s]       |           [01;36m[K^~~[m[K
[3.249s] In file included from [01m[K/opt/ros/humble/include/rcl_interfaces/rcl_interfaces/msg/set_parameters_result.hpp:7[m[K,
[3.249s]                  from [01m[K/opt/ros/humble/include/rclcpp/rclcpp/qos_overriding_options.hpp:28[m[K,
[3.250s]                  from [01m[K/opt/ros/humble/include/rclcpp/rclcpp/subscription_options.hpp:30[m[K,
[3.250s]                  from [01m[K/opt/ros/humble/include/rclcpp/rclcpp/subscription.hpp:45[m[K,
[3.250s]                  from [01m[K/opt/ros/humble/include/rclcpp/rclcpp/any_executable.hpp:25[m[K,
[3.250s]                  from [01m[K/opt/ros/humble/include/rclcpp/rclcpp/memory_strategy.hpp:25[m[K,
[3.250s]                  from [01m[K/opt/ros/humble/include/rclcpp/rclcpp/memory_strategies.hpp:18[m[K,
[3.250s]                  from [01m[K/opt/ros/humble/include/rclcpp/rclcpp/executor_options.hpp:20[m[K,
[3.250s]                  from [01m[K/opt/ros/humble/include/rclcpp/rclcpp/executor.hpp:37[m[K,
[3.250s]                  from [01m[K/opt/ros/humble/include/rclcpp/rclcpp/executors/multi_threaded_executor.hpp:25[m[K,
[3.250s]                  from [01m[K/opt/ros/humble/include/rclcpp/rclcpp/executors.hpp:21[m[K,
[3.250s]                  from [01m[K/opt/ros/humble/include/rclcpp/rclcpp/rclcpp.hpp:155[m[K,
[3.250s]                  from [01m[K/home/hac/ros2_ws/src/808x-final-project/src/../include/perception.hpp:14[m[K,
[3.251s]                  from [01m[K/home/hac/ros2_ws/src/808x-final-project/src/perception.cpp:14[m[K:
[3.251s] [01m[K/opt/ros/humble/include/rcl_interfaces/rcl_interfaces/msg/detail/set_parameters_result__struct.hpp:27:11:[m[K [01;36m[Knote: [m[K  ‘[01m[Krcl_interfaces::msg[m[K’
[3.251s]    27 | namespace [01;36m[Kmsg[m[K
[3.251s]       |           [01;36m[K^~~[m[K
[3.251s] In file included from [01m[K/opt/ros/humble/include/statistics_msgs/statistics_msgs/msg/detail/metrics_message__struct.hpp:23[m[K,
[3.251s]                  from [01m[K/opt/ros/humble/include/statistics_msgs/statistics_msgs/msg/metrics_message.hpp:7[m[K,
[3.251s]                  from [01m[K/opt/ros/humble/include/libstatistics_collector/libstatistics_collector/collector/generate_statistics_message.hpp:21[m[K,
[3.251s]                  from [01m[K/opt/ros/humble/include/rclcpp/rclcpp/topic_statistics/subscription_topic_statistics.hpp:23[m[K,
[3.251s]                  from [01m[K/opt/ros/humble/include/rclcpp/rclcpp/subscription.hpp:50[m[K,
[3.251s]                  from [01m[K/opt/ros/humble/include/rclcpp/rclcpp/any_executable.hpp:25[m[K,
[3.251s]                  from [01m[K/opt/ros/humble/include/rclcpp/rclcpp/memory_strategy.hpp:25[m[K,
[3.251s]                  from [01m[K/opt/ros/humble/include/rclcpp/rclcpp/memory_strategies.hpp:18[m[K,
[3.251s]                  from [01m[K/opt/ros/humble/include/rclcpp/rclcpp/executor_options.hpp:20[m[K,
[3.252s]                  from [01m[K/opt/ros/humble/include/rclcpp/rclcpp/executor.hpp:37[m[K,
[3.252s]                  from [01m[K/opt/ros/humble/include/rclcpp/rclcpp/executors/multi_threaded_executor.hpp:25[m[K,
[3.252s]                  from [01m[K/opt/ros/humble/include/rclcpp/rclcpp/executors.hpp:21[m[K,
[3.252s]                  from [01m[K/opt/ros/humble/include/rclcpp/rclcpp/rclcpp.hpp:155[m[K,
[3.252s]                  from [01m[K/home/hac/ros2_ws/src/808x-final-project/src/../include/perception.hpp:14[m[K,
[3.252s]                  from [01m[K/home/hac/ros2_ws/src/808x-final-project/src/perception.cpp:14[m[K:
[3.252s] [01m[K/opt/ros/humble/include/statistics_msgs/statistics_msgs/msg/detail/statistic_data_point__struct.hpp:27:11:[m[K [01;36m[Knote: [m[K  ‘[01m[Kstatistics_msgs::msg[m[K’
[3.253s]    27 | namespace [01;36m[Kmsg[m[K
[3.253s]       |           [01;36m[K^~~[m[K
[3.253s] In file included from [01m[K/opt/ros/humble/include/geometry_msgs/geometry_msgs/msg/detail/pose__struct.hpp:20[m[K,
[3.253s]                  from [01m[K/opt/ros/humble/include/geometry_msgs/geometry_msgs/msg/pose.hpp:7[m[K,
[3.253s]                  from [01m[K/home/hac/ros2_ws/src/808x-final-project/src/../include/perception.hpp:18[m[K,
[3.253s]                  from [01m[K/home/hac/ros2_ws/src/808x-final-project/src/perception.cpp:14[m[K:
[3.253s] [01m[K/opt/ros/humble/include/geometry_msgs/geometry_msgs/msg/detail/point__struct.hpp:27:11:[m[K [01;36m[Knote: [m[K  ‘[01m[Kgeometry_msgs::msg[m[K’
[3.253s]    27 | namespace [01;36m[Kmsg[m[K
[3.253s]       |           [01;36m[K^~~[m[K
[3.253s] In file included from [01m[K/opt/ros/humble/include/sensor_msgs/sensor_msgs/msg/detail/laser_scan__struct.hpp:20[m[K,
[3.253s]                  from [01m[K/opt/ros/humble/include/sensor_msgs/sensor_msgs/msg/laser_scan.hpp:7[m[K,
[3.253s]                  from [01m[K/home/hac/ros2_ws/src/808x-final-project/src/../include/perception.hpp:19[m[K,
[3.253s]                  from [01m[K/home/hac/ros2_ws/src/808x-final-project/src/perception.cpp:14[m[K:
[3.253s] [01m[K/opt/ros/humble/include/std_msgs/std_msgs/msg/detail/header__struct.hpp:31:11:[m[K [01;36m[Knote: [m[K  ‘[01m[Kstd_msgs::msg[m[K’
[3.253s]    31 | namespace [01;36m[Kmsg[m[K
[3.253s]       |           [01;36m[K^~~[m[K
[3.253s] In file included from [01m[K/opt/ros/humble/include/sensor_msgs/sensor_msgs/msg/laser_scan.hpp:7[m[K,
[3.254s]                  from [01m[K/home/hac/ros2_ws/src/808x-final-project/src/../include/perception.hpp:19[m[K,
[3.254s]                  from [01m[K/home/hac/ros2_ws/src/808x-final-project/src/perception.cpp:14[m[K:
[3.254s] [01m[K/opt/ros/humble/include/sensor_msgs/sensor_msgs/msg/detail/laser_scan__struct.hpp:31:11:[m[K [01;36m[Knote: [m[K  ‘[01m[Ksensor_msgs::msg[m[K’
[3.254s]    31 | namespace [01;36m[Kmsg[m[K
[3.254s]       |           [01;36m[K^~~[m[K
[3.254s] In file included from [01m[K/opt/ros/humble/include/nav_msgs/nav_msgs/msg/odometry.hpp:7[m[K,
[3.254s]                  from [01m[K/home/hac/ros2_ws/src/808x-final-project/src/../include/perception.hpp:25[m[K,
[3.254s]                  from [01m[K/home/hac/ros2_ws/src/808x-final-project/src/perception.cpp:14[m[K:
[3.254s] [01m[K/opt/ros/humble/include/nav_msgs/nav_msgs/msg/detail/odometry__struct.hpp:35:11:[m[K [01;36m[Knote: [m[K  ‘[01m[Knav_msgs::msg[m[K’
[3.254s]    35 | namespace [01;36m[Kmsg[m[K
[3.254s]       |           [01;36m[K^~~[m[K
[3.254s] In file included from [01m[K/opt/ros/humble/include/rclcpp/rclcpp/logging.hpp:24[m[K,
[3.254s]                  from [01m[K/opt/ros/humble/include/rclcpp/rclcpp/client.hpp:40[m[K,
[3.254s]                  from [01m[K/opt/ros/humble/include/rclcpp/rclcpp/callback_group.hpp:24[m[K,
[3.254s]                  from [01m[K/opt/ros/humble/include/rclcpp/rclcpp/any_executable.hpp:20[m[K,
[3.254s]                  from [01m[K/opt/ros/humble/include/rclcpp/rclcpp/memory_strategy.hpp:25[m[K,
[3.254s]                  from [01m[K/opt/ros/humble/include/rclcpp/rclcpp/memory_strategies.hpp:18[m[K,
[3.254s]                  from [01m[K/opt/ros/humble/include/rclcpp/rclcpp/executor_options.hpp:20[m[K,
[3.255s]                  from [01m[K/opt/ros/humble/include/rclcpp/rclcpp/executor.hpp:37[m[K,
[3.255s]                  from [01m[K/opt/ros/humble/include/rclcpp/rclcpp/executors/multi_threaded_executor.hpp:25[m[K,
[3.255s]                  from [01m[K/opt/ros/humble/include/rclcpp/rclcpp/executors.hpp:21[m[K,
[3.255s]                  from [01m[K/opt/ros/humble/include/rclcpp/rclcpp/rclcpp.hpp:155[m[K,
[3.255s]                  from [01m[K/home/hac/ros2_ws/src/808x-final-project/src/../include/perception.hpp:14[m[K,
[3.255s]                  from [01m[K/home/hac/ros2_ws/src/808x-final-project/src/perception.cpp:14[m[K:
[3.255s] [01m[K/home/hac/ros2_ws/src/808x-final-project/src/perception.cpp:118:55:[m[K [01;31m[Kerror: [m[K‘[01m[Kmsg[m[K’ was not declared in this scope
[3.255s]   118 |             "Could not convert from '%s' to 'bgr8'.", [01;31m[Kmsg[m[K->encoding.c_str());
[3.255s]       |                                                       [01;31m[K^~~[m[K
[3.255s] [01m[K/home/hac/ros2_ws/src/808x-final-project/src/perception.cpp:118:55:[m[K [01;36m[Knote: [m[Ksuggested alternatives:
[3.255s] In file included from [01m[K/opt/ros/humble/include/builtin_interfaces/builtin_interfaces/msg/duration.hpp:7[m[K,
[3.255s]                  from [01m[K/opt/ros/humble/include/rclcpp/rclcpp/duration.hpp:20[m[K,
[3.255s]                  from [01m[K/opt/ros/humble/include/rclcpp/rclcpp/qos.hpp:20[m[K,
[3.255s]                  from [01m[K/opt/ros/humble/include/rclcpp/rclcpp/node_interfaces/node_graph_interface.hpp:32[m[K,
[3.256s]                  from [01m[K/opt/ros/humble/include/rclcpp/rclcpp/client.hpp:42[m[K,
[3.256s]                  from [01m[K/opt/ros/humble/include/rclcpp/rclcpp/callback_group.hpp:24[m[K,
[3.256s]                  from [01m[K/opt/ros/humble/include/rclcpp/rclcpp/any_executable.hpp:20[m[K,
[3.256s]                  from [01m[K/opt/ros/humble/include/rclcpp/rclcpp/memory_strategy.hpp:25[m[K,
[3.256s]                  from [01m[K/opt/ros/humble/include/rclcpp/rclcpp/memory_strategies.hpp:18[m[K,
[3.256s]                  from [01m[K/opt/ros/humble/include/rclcpp/rclcpp/executor_options.hpp:20[m[K,
[3.256s]                  from [01m[K/opt/ros/humble/include/rclcpp/rclcpp/executor.hpp:37[m[K,
[3.256s]                  from [01m[K/opt/ros/humble/include/rclcpp/rclcpp/executors/multi_threaded_executor.hpp:25[m[K,
[3.256s]                  from [01m[K/opt/ros/humble/include/rclcpp/rclcpp/executors.hpp:21[m[K,
[3.256s]                  from [01m[K/opt/ros/humble/include/rclcpp/rclcpp/rclcpp.hpp:155[m[K,
[3.256s]                  from [01m[K/home/hac/ros2_ws/src/808x-final-project/src/../include/perception.hpp:14[m[K,
[3.256s]                  from [01m[K/home/hac/ros2_ws/src/808x-final-project/src/perception.cpp:14[m[K:
[3.256s] [01m[K/opt/ros/humble/include/builtin_interfaces/builtin_interfaces/msg/detail/duration__struct.hpp:27:11:[m[K [01;36m[Knote: [m[K  ‘[01m[Kbuiltin_interfaces::msg[m[K’
[3.256s]    27 | namespace [01;36m[Kmsg[m[K
[3.256s]       |           [01;36m[K^~~[m[K
[3.256s] In file included from [01m[K/opt/ros/humble/include/rcl_interfaces/rcl_interfaces/msg/set_parameters_result.hpp:7[m[K,
[3.256s]                  from [01m[K/opt/ros/humble/include/rclcpp/rclcpp/qos_overriding_options.hpp:28[m[K,
[3.256s]                  from [01m[K/opt/ros/humble/include/rclcpp/rclcpp/subscription_options.hpp:30[m[K,
[3.256s]                  from [01m[K/opt/ros/humble/include/rclcpp/rclcpp/subscription.hpp:45[m[K,
[3.257s]                  from [01m[K/opt/ros/humble/include/rclcpp/rclcpp/any_executable.hpp:25[m[K,
[3.257s]                  from [01m[K/opt/ros/humble/include/rclcpp/rclcpp/memory_strategy.hpp:25[m[K,
[3.257s]                  from [01m[K/opt/ros/humble/include/rclcpp/rclcpp/memory_strategies.hpp:18[m[K,
[3.257s]                  from [01m[K/opt/ros/humble/include/rclcpp/rclcpp/executor_options.hpp:20[m[K,
[3.257s]                  from [01m[K/opt/ros/humble/include/rclcpp/rclcpp/executor.hpp:37[m[K,
[3.257s]                  from [01m[K/opt/ros/humble/include/rclcpp/rclcpp/executors/multi_threaded_executor.hpp:25[m[K,
[3.257s]                  from [01m[K/opt/ros/humble/include/rclcpp/rclcpp/executors.hpp:21[m[K,
[3.257s]                  from [01m[K/opt/ros/humble/include/rclcpp/rclcpp/rclcpp.hpp:155[m[K,
[3.257s]                  from [01m[K/home/hac/ros2_ws/src/808x-final-project/src/../include/perception.hpp:14[m[K,
[3.257s]                  from [01m[K/home/hac/ros2_ws/src/808x-final-project/src/perception.cpp:14[m[K:
[3.257s] [01m[K/opt/ros/humble/include/rcl_interfaces/rcl_interfaces/msg/detail/set_parameters_result__struct.hpp:27:11:[m[K [01;36m[Knote: [m[K  ‘[01m[Krcl_interfaces::msg[m[K’
[3.257s]    27 | namespace [01;36m[Kmsg[m[K
[3.257s]       |           [01;36m[K^~~[m[K
[3.257s] In file included from [01m[K/opt/ros/humble/include/statistics_msgs/statistics_msgs/msg/detail/metrics_message__struct.hpp:23[m[K,
[3.257s]                  from [01m[K/opt/ros/humble/include/statistics_msgs/statistics_msgs/msg/metrics_message.hpp:7[m[K,
[3.257s]                  from [01m[K/opt/ros/humble/include/libstatistics_collector/libstatistics_collector/collector/generate_statistics_message.hpp:21[m[K,
[3.257s]                  from [01m[K/opt/ros/humble/include/rclcpp/rclcpp/topic_statistics/subscription_topic_statistics.hpp:23[m[K,
[3.257s]                  from [01m[K/opt/ros/humble/include/rclcpp/rclcpp/subscription.hpp:50[m[K,
[3.257s]                  from [01m[K/opt/ros/humble/include/rclcpp/rclcpp/any_executable.hpp:25[m[K,
[3.258s]                  from [01m[K/opt/ros/humble/include/rclcpp/rclcpp/memory_strategy.hpp:25[m[K,
[3.258s]                  from [01m[K/opt/ros/humble/include/rclcpp/rclcpp/memory_strategies.hpp:18[m[K,
[3.258s]                  from [01m[K/opt/ros/humble/include/rclcpp/rclcpp/executor_options.hpp:20[m[K,
[3.258s]                  from [01m[K/opt/ros/humble/include/rclcpp/rclcpp/executor.hpp:37[m[K,
[3.258s]                  from [01m[K/opt/ros/humble/include/rclcpp/rclcpp/executors/multi_threaded_executor.hpp:25[m[K,
[3.258s]                  from [01m[K/opt/ros/humble/include/rclcpp/rclcpp/executors.hpp:21[m[K,
[3.258s]                  from [01m[K/opt/ros/humble/include/rclcpp/rclcpp/rclcpp.hpp:155[m[K,
[3.258s]                  from [01m[K/home/hac/ros2_ws/src/808x-final-project/src/../include/perception.hpp:14[m[K,
[3.258s]                  from [01m[K/home/hac/ros2_ws/src/808x-final-project/src/perception.cpp:14[m[K:
[3.258s] [01m[K/opt/ros/humble/include/statistics_msgs/statistics_msgs/msg/detail/statistic_data_point__struct.hpp:27:11:[m[K [01;36m[Knote: [m[K  ‘[01m[Kstatistics_msgs::msg[m[K’
[3.258s]    27 | namespace [01;36m[Kmsg[m[K
[3.258s]       |           [01;36m[K^~~[m[K
[3.258s] In file included from [01m[K/opt/ros/humble/include/geometry_msgs/geometry_msgs/msg/detail/pose__struct.hpp:20[m[K,
[3.258s]                  from [01m[K/opt/ros/humble/include/geometry_msgs/geometry_msgs/msg/pose.hpp:7[m[K,
[3.258s]                  from [01m[K/home/hac/ros2_ws/src/808x-final-project/src/../include/perception.hpp:18[m[K,
[3.258s]                  from [01m[K/home/hac/ros2_ws/src/808x-final-project/src/perception.cpp:14[m[K:
[3.258s] [01m[K/opt/ros/humble/include/geometry_msgs/geometry_msgs/msg/detail/point__struct.hpp:27:11:[m[K [01;36m[Knote: [m[K  ‘[01m[Kgeometry_msgs::msg[m[K’
[3.258s]    27 | namespace [01;36m[Kmsg[m[K
[3.258s]       |           [01;36m[K^~~[m[K
[3.259s] In file included from [01m[K/opt/ros/humble/include/sensor_msgs/sensor_msgs/msg/detail/laser_scan__struct.hpp:20[m[K,
[3.259s]                  from [01m[K/opt/ros/humble/include/sensor_msgs/sensor_msgs/msg/laser_scan.hpp:7[m[K,
[3.259s]                  from [01m[K/home/hac/ros2_ws/src/808x-final-project/src/../include/perception.hpp:19[m[K,
[3.259s]                  from [01m[K/home/hac/ros2_ws/src/808x-final-project/src/perception.cpp:14[m[K:
[3.259s] [01m[K/opt/ros/humble/include/std_msgs/std_msgs/msg/detail/header__struct.hpp:31:11:[m[K [01;36m[Knote: [m[K  ‘[01m[Kstd_msgs::msg[m[K’
[3.259s]    31 | namespace [01;36m[Kmsg[m[K
[3.259s]       |           [01;36m[K^~~[m[K
[3.259s] In file included from [01m[K/opt/ros/humble/include/sensor_msgs/sensor_msgs/msg/laser_scan.hpp:7[m[K,
[3.259s]                  from [01m[K/home/hac/ros2_ws/src/808x-final-project/src/../include/perception.hpp:19[m[K,
[3.259s]                  from [01m[K/home/hac/ros2_ws/src/808x-final-project/src/perception.cpp:14[m[K:
[3.259s] [01m[K/opt/ros/humble/include/sensor_msgs/sensor_msgs/msg/detail/laser_scan__struct.hpp:31:11:[m[K [01;36m[Knote: [m[K  ‘[01m[Ksensor_msgs::msg[m[K’
[3.259s]    31 | namespace [01;36m[Kmsg[m[K
[3.259s]       |           [01;36m[K^~~[m[K
[3.259s] In file included from [01m[K/opt/ros/humble/include/nav_msgs/nav_msgs/msg/odometry.hpp:7[m[K,
[3.259s]                  from [01m[K/home/hac/ros2_ws/src/808x-final-project/src/../include/perception.hpp:25[m[K,
[3.259s]                  from [01m[K/home/hac/ros2_ws/src/808x-final-project/src/perception.cpp:14[m[K:
[3.259s] [01m[K/opt/ros/humble/include/nav_msgs/nav_msgs/msg/detail/odometry__struct.hpp:35:11:[m[K [01;36m[Knote: [m[K  ‘[01m[Knav_msgs::msg[m[K’
[3.259s]    35 | namespace [01;36m[Kmsg[m[K
[3.260s]       |           [01;36m[K^~~[m[K
[3.260s] [01m[K/home/hac/ros2_ws/src/808x-final-project/src/perception.cpp:[m[K At global scope:
[3.260s] [01m[K/home/hac/ros2_ws/src/808x-final-project/src/perception.cpp:127:6:[m[K [01;31m[Kerror: [m[Kno declaration matches ‘[01m[Kvoid Perception::odom_callback(nav_msgs::msg::Odometry_<std::allocator<void> >::SharedPtr)[m[K’
[3.260s]   127 | void [01;31m[KPerception[m[K::odom_callback(
[3.260s]       |      [01;31m[K^~~~~~~~~~[m[K
[3.260s] [01m[K/home/hac/ros2_ws/src/808x-final-project/src/perception.cpp:127:6:[m[K [01;36m[Knote: [m[Kno functions named ‘[01m[Kvoid Perception::odom_callback(nav_msgs::msg::Odometry_<std::allocator<void> >::SharedPtr)[m[K’
[3.260s] In file included from [01m[K/home/hac/ros2_ws/src/808x-final-project/src/perception.cpp:14[m[K:
[3.260s] [01m[K/home/hac/ros2_ws/src/808x-final-project/src/../include/perception.hpp:39:7:[m[K [01;36m[Knote: [m[K‘[01m[Kclass Perception[m[K’ defined here
[3.260s]    39 | class [01;36m[KPerception[m[K : public rclcpp::Node {
[3.260s]       |       [01;36m[K^~~~~~~~~~[m[K
[3.260s] [01m[K/home/hac/ros2_ws/src/808x-final-project/src/perception.cpp:[m[K In member function ‘[01m[Kbool Perception::detect_book()[m[K’:
[3.260s] [01m[K/home/hac/ros2_ws/src/808x-final-project/src/perception.cpp:163:59:[m[K [01;31m[Kerror: [m[K‘[01m[K_1[m[K’ was not declared in this scope; did you mean ‘[01m[Kstd::placeholders::_1[m[K’?
[3.260s]   163 |         std::bind(&Perception::img_sensor_callback, this, [01;31m[K_1[m[K));
[3.260s]       |                                                           [01;31m[K^~[m[K
[3.260s]       |                                                           [32m[Kstd::placeholders::_1[m[K
[3.260s] In file included from [01m[K/usr/include/c++/11/pstl/glue_algorithm_defs.h:13[m[K,
[3.260s]                  from [01m[K/usr/include/c++/11/algorithm:74[m[K,
[3.260s]                  from [01m[K/opt/ros/humble/include/rclcpp/rclcpp/executor.hpp:18[m[K,
[3.260s]                  from [01m[K/opt/ros/humble/include/rclcpp/rclcpp/executors/multi_threaded_executor.hpp:25[m[K,
[3.260s]                  from [01m[K/opt/ros/humble/include/rclcpp/rclcpp/executors.hpp:21[m[K,
[3.261s]                  from [01m[K/opt/ros/humble/include/rclcpp/rclcpp/rclcpp.hpp:155[m[K,
[3.261s]                  from [01m[K/home/hac/ros2_ws/src/808x-final-project/src/../include/perception.hpp:14[m[K,
[3.261s]                  from [01m[K/home/hac/ros2_ws/src/808x-final-project/src/perception.cpp:14[m[K:
[3.261s] [01m[K/usr/include/c++/11/functional:225:34:[m[K [01;36m[Knote: [m[K‘[01m[Kstd::placeholders::_1[m[K’ declared here
[3.261s]   225 |     extern const _Placeholder<1> [01;36m[K_1[m[K;
[3.261s]       |                                  [01;36m[K^~[m[K
[3.265s] [01m[K/home/hac/ros2_ws/src/808x-final-project/src/perception.cpp:169:13:[m[K [01;31m[Kerror: [m[K‘[01m[Kgo_to_shelf[m[K’ was not declared in this scope
[3.265s]   169 |             [01;31m[Kgo_to_shelf[m[K();
[3.265s]       |             [01;31m[K^~~~~~~~~~~[m[K
[3.275s] [01m[K/home/hac/ros2_ws/src/808x-final-project/src/perception.cpp:172:13:[m[K [01;31m[Kerror: [m[K‘[01m[Kgo_to_shelf[m[K’ was not declared in this scope
[3.275s]   172 |             [01;31m[Kgo_to_shelf[m[K();
[3.275s]       |             [01;31m[K^~~~~~~~~~~[m[K
[3.284s] [01m[K/home/hac/ros2_ws/src/808x-final-project/src/perception.cpp:175:13:[m[K [01;31m[Kerror: [m[K‘[01m[Kgo_to_shelf[m[K’ was not declared in this scope
[3.284s]   175 |             [01;31m[Kgo_to_shelf[m[K();
[3.284s]       |             [01;31m[K^~~~~~~~~~~[m[K
[3.284s] [01m[K/home/hac/ros2_ws/src/808x-final-project/src/perception.cpp:176:31:[m[K [01;31m[Kerror: [m[Kunable to find numeric literal operator ‘[01m[Koperator""ms[m[K’
[3.284s]   176 |             rclcpp::sleep_for([01;31m[K100ms[m[K);
[3.284s]       |                               [01;31m[K^~~~~[m[K
[4.526s] gmake[2]: *** [CMakeFiles/libratech.dir/build.make:104: CMakeFiles/libratech.dir/src/navigation.cpp.o] Error 1
[4.666s] gmake[2]: *** [CMakeFiles/libratech.dir/build.make:118: CMakeFiles/libratech.dir/src/perception.cpp.o] Error 1
[4.667s] gmake[1]: *** [CMakeFiles/Makefile2:184: CMakeFiles/libratech.dir/all] Error 2
[4.667s] gmake: *** [Makefile:146: all] Error 2
[4.670s] Invoked command in '/home/hac/ros2_ws/src/808x-final-project/build/808x-final-project' returned '2': CMAKE_PREFIX_PATH=${CMAKE_PREFIX_PATH}:/home/hac/ros2_ws/install/turtlebot3_teleop:/home/hac/ros2_ws/install/turtlebot3_example:/opt/ros/humble /usr/bin/cmake --build /home/hac/ros2_ws/src/808x-final-project/build/808x-final-project -- -j16 -l16
