[0.042s] Invoking command in '/home/hac/ros2_ws/src/808x-final-project/build/808x-final-project': CMAKE_PREFIX_PATH=${CMAKE_PREFIX_PATH}:/home/hac/ros2_ws/install/turtlebot3_teleop:/opt/ros/humble /usr/bin/cmake --build /home/hac/ros2_ws/src/808x-final-project/build/808x-final-project -- -j16 -l16
[0.060s] -- Found ament_cmake: 1.3.5 (/opt/ros/humble/share/ament_cmake/cmake)
[0.276s] -- Found rclcpp: 16.0.6 (/opt/ros/humble/share/rclcpp/cmake)
[0.310s] -- Found rosidl_generator_c: 3.1.5 (/opt/ros/humble/share/rosidl_generator_c/cmake)
[0.314s] -- Found rosidl_adapter: 3.1.5 (/opt/ros/humble/share/rosidl_adapter/cmake)
[0.324s] -- Found rosidl_generator_cpp: 3.1.5 (/opt/ros/humble/share/rosidl_generator_cpp/cmake)
[0.338s] -- Using all available rosidl_typesupport_c: rosidl_typesupport_fastrtps_c;rosidl_typesupport_introspection_c
[0.350s] -- Using all available rosidl_typesupport_cpp: rosidl_typesupport_fastrtps_cpp;rosidl_typesupport_introspection_cpp
[0.384s] -- Found rmw_implementation_cmake: 6.1.1 (/opt/ros/humble/share/rmw_implementation_cmake/cmake)
[0.384s] -- Found rmw_fastrtps_cpp: 6.2.4 (/opt/ros/humble/share/rmw_fastrtps_cpp/cmake)
[0.464s] -- Using RMW implementation 'rmw_fastrtps_cpp' as default
[0.556s] -- Found geometry_msgs: 4.2.3 (/opt/ros/humble/share/geometry_msgs/cmake)
[0.581s] -- Found cv_bridge: 3.2.1 (/opt/ros/humble/share/cv_bridge/cmake)
[0.638s] -- Found image_transport: 3.1.7 (/opt/ros/humble/share/image_transport/cmake)
[0.660s] -- Found tf2: 0.25.4 (/opt/ros/humble/share/tf2/cmake)
[0.664s] -- Found tf2_ros: 0.25.4 (/opt/ros/humble/share/tf2_ros/cmake)
[0.860s] -- Found gazebo_ros: 3.7.0 (/opt/ros/humble/share/gazebo_ros/cmake)
[0.879s] -- Found DART: /usr/include (Required is at least version "6.6") found components: dart 
[0.895s] -- Found Protobuf: /usr/lib/x86_64-linux-gnu/libprotobuf.so (found version "3.12.4") 
[0.896s] -- Looking for ignition-math6 -- found version 6.15.0
[0.898s] -- Searching for dependencies of ignition-math6
[0.899s] -- Looking for OGRE...
[0.902s] -- Found Ogre Ghadamon (1.9.0)
[0.902s] -- Found OGRE: optimized;/usr/lib/x86_64-linux-gnu/libOgreMain.so;debug;/usr/lib/x86_64-linux-gnu/libOgreMain.so
[0.908s] -- Looking for OGRE_Paging...
[0.908s] -- Found OGRE_Paging: optimized;/usr/lib/x86_64-linux-gnu/libOgrePaging.so;debug;/usr/lib/x86_64-linux-gnu/libOgrePaging.so
[0.908s] -- Looking for OGRE_Terrain...
[0.908s] -- Found OGRE_Terrain: optimized;/usr/lib/x86_64-linux-gnu/libOgreTerrain.so;debug;/usr/lib/x86_64-linux-gnu/libOgreTerrain.so
[0.909s] -- Looking for OGRE_Property...
[0.909s] -- Found OGRE_Property: optimized;/usr/lib/x86_64-linux-gnu/libOgreProperty.so;debug;/usr/lib/x86_64-linux-gnu/libOgreProperty.so
[0.909s] -- Looking for OGRE_RTShaderSystem...
[0.909s] -- Found OGRE_RTShaderSystem: optimized;/usr/lib/x86_64-linux-gnu/libOgreRTShaderSystem.so;debug;/usr/lib/x86_64-linux-gnu/libOgreRTShaderSystem.so
[0.909s] -- Looking for OGRE_Volume...
[0.909s] -- Found OGRE_Volume: optimized;/usr/lib/x86_64-linux-gnu/libOgreVolume.so;debug;/usr/lib/x86_64-linux-gnu/libOgreVolume.so
[0.909s] -- Looking for OGRE_Overlay...
[0.909s] -- Found OGRE_Overlay: optimized;/usr/lib/x86_64-linux-gnu/libOgreOverlay.so;debug;/usr/lib/x86_64-linux-gnu/libOgreOverlay.so
[0.990s] -- Looking for ignition-math6 -- found version 6.15.0
[0.990s] -- Looking for ignition-transport8 -- found version 8.2.1
[0.991s] -- Searching for dependencies of ignition-transport8
[1.003s] -- Found Protobuf: /usr/lib/x86_64-linux-gnu/libprotobuf.so (found suitable version "3.12.4", minimum required is "3") 
[1.013s] -- Config-file not installed for ZeroMQ -- checking for pkg-config
[1.018s] -- Checking for module 'libzmq >= 4'
[1.027s] --   Found libzmq , version 4.3.4
[1.054s] -- Checking for module 'uuid'
[1.061s] --   Found uuid, version 2.37.2
[1.081s] -- Looking for ignition-msgs5 -- found version 5.8.1
[1.081s] -- Searching for dependencies of ignition-msgs5
[1.095s] -- Looking for ignition-math6 -- found version 6.15.0
[1.099s] -- Looking for ignition-msgs5 -- found version 5.8.1
[1.099s] -- Looking for ignition-common3 -- found version 3.14.0
[1.099s] -- Searching for dependencies of ignition-common3
[1.099s] -- Looking for dlfcn.h - found
[1.099s] -- Looking for libdl - found
[1.107s] -- Searching for <ignition-common3> component [graphics]
[1.108s] -- Looking for ignition-common3-graphics -- found version 3.14.0
[1.108s] -- Searching for dependencies of ignition-common3-graphics
[1.108s] -- Looking for ignition-math6 -- found version 6.15.0
[1.109s] -- Looking for ignition-fuel_tools4 -- found version 4.4.0
[1.109s] -- Searching for dependencies of ignition-fuel_tools4
[1.139s] -- Checking for module 'jsoncpp'
[1.146s] --   Found jsoncpp, version 1.9.5
[1.171s] -- Checking for module 'libzip'
[1.179s] --   Found libzip, version 1.7.3
[1.200s] -- Looking for ignition-common3 -- found version 3.14.0
[1.201s] -- Looking for ignition-math6 -- found version 6.15.0
[1.201s] -- Looking for ignition-msgs5 -- found version 5.8.1
[1.203s] -- Gazebo version: 11.10
[1.210s] -- Found nav_msgs: 4.2.3 (/opt/ros/humble/share/nav_msgs/cmake)
[1.273s] -- Found gazebo_msgs: 3.7.0 (/opt/ros/humble/share/gazebo_msgs/cmake)
[1.401s] -- Found ament_lint_auto: 0.12.8 (/opt/ros/humble/share/ament_lint_auto/cmake)
[1.445s] WARNING: Package name "808x-final-project" does not follow the naming conventions. It should start with a lower case letter and only contain lower case letters, digits, underscores, and dashes.
[1.502s] -- Added test 'cppcheck' to perform static code analysis on C / C++ code
[1.502s] -- Configured cppcheck include dirs: 
[1.502s] -- Configured cppcheck exclude dirs and/or files: 
[1.505s] -- Added test 'flake8' to check Python code syntax and style conventions
[1.511s] -- Added test 'lint_cmake' to check CMake code style
[1.513s] -- Added test 'pep257' to check Python code against some of the docstring style conventions in PEP 257
[1.529s] -- Added test 'uncrustify' to check C / C++ code style
[1.529s] -- Configured uncrustify additional arguments: 
[1.531s] -- Added test 'xmllint' to check XML markup files
[1.531s] -- Configuring done
[1.535s] -- Generating done
[1.537s] -- Build files have been written to: /home/hac/ros2_ws/src/808x-final-project/build/808x-final-project
[1.565s] Invoked command in '/home/hac/ros2_ws/src/808x-final-project/build/808x-final-project' returned '0': CMAKE_PREFIX_PATH=${CMAKE_PREFIX_PATH}:/home/hac/ros2_ws/install/turtlebot3_teleop:/opt/ros/humble /usr/bin/cmake --build /home/hac/ros2_ws/src/808x-final-project/build/808x-final-project -- -j16 -l16
[1.628s] Invoking command in '/home/hac/ros2_ws/src/808x-final-project/build/808x-final-project': CMAKE_PREFIX_PATH=${CMAKE_PREFIX_PATH}:/home/hac/ros2_ws/install/turtlebot3_teleop:/opt/ros/humble /usr/bin/cmake --install /home/hac/ros2_ws/src/808x-final-project/build/808x-final-project
[1.641s] -- Install configuration: ""
[1.641s] -- Installing: /home/hac/ros2_ws/src/808x-final-project/install/808x-final-project/share/ament_index/resource_index/package_run_dependencies/808x-final-project
[1.641s] -- Up-to-date: /home/hac/ros2_ws/src/808x-final-project/install/808x-final-project/share/ament_index/resource_index/parent_prefix_path/808x-final-project
[1.642s] -- Up-to-date: /home/hac/ros2_ws/src/808x-final-project/install/808x-final-project/share/808x-final-project/environment/ament_prefix_path.sh
[1.642s] -- Installing: /home/hac/ros2_ws/src/808x-final-project/install/808x-final-project/share/808x-final-project/environment/ament_prefix_path.dsv
[1.642s] -- Up-to-date: /home/hac/ros2_ws/src/808x-final-project/install/808x-final-project/share/808x-final-project/environment/path.sh
[1.642s] -- Installing: /home/hac/ros2_ws/src/808x-final-project/install/808x-final-project/share/808x-final-project/environment/path.dsv
[1.642s] -- Up-to-date: /home/hac/ros2_ws/src/808x-final-project/install/808x-final-project/share/808x-final-project/local_setup.bash
[1.642s] -- Up-to-date: /home/hac/ros2_ws/src/808x-final-project/install/808x-final-project/share/808x-final-project/local_setup.sh
[1.642s] -- Up-to-date: /home/hac/ros2_ws/src/808x-final-project/install/808x-final-project/share/808x-final-project/local_setup.zsh
[1.643s] -- Installing: /home/hac/ros2_ws/src/808x-final-project/install/808x-final-project/share/808x-final-project/local_setup.dsv
[1.643s] -- Installing: /home/hac/ros2_ws/src/808x-final-project/install/808x-final-project/share/808x-final-project/package.dsv
[1.643s] -- Up-to-date: /home/hac/ros2_ws/src/808x-final-project/install/808x-final-project/share/ament_index/resource_index/packages/808x-final-project
[1.643s] -- Up-to-date: /home/hac/ros2_ws/src/808x-final-project/install/808x-final-project/share/808x-final-project/cmake/808x-final-projectConfig.cmake
[1.643s] -- Up-to-date: /home/hac/ros2_ws/src/808x-final-project/install/808x-final-project/share/808x-final-project/cmake/808x-final-projectConfig-version.cmake
[1.643s] -- Installing: /home/hac/ros2_ws/src/808x-final-project/install/808x-final-project/share/808x-final-project/package.xml
[1.646s] Invoked command in '/home/hac/ros2_ws/src/808x-final-project/build/808x-final-project' returned '0': CMAKE_PREFIX_PATH=${CMAKE_PREFIX_PATH}:/home/hac/ros2_ws/install/turtlebot3_teleop:/opt/ros/humble /usr/bin/cmake --install /home/hac/ros2_ws/src/808x-final-project/build/808x-final-project
